<?xml version="1.0" encoding="UTF-8" ?>
<testsuite tests="8" failures="0" name="com.mycompany.democucumber.test.demoTest" time="2.358" errors="0" skipped="0">
  <properties>
[...]
</properties>
  <testcase classname="Skenario: Memasukan User Baru" name="Dengan Data user baru yang akan dimasukan tersedia dan tidak duplikat dengan data yang telah ada di sistem" time="0"/>
  <testcase classname="Skenario: Memasukan User Baru" name="Ketika Memasukan data user dengan nama \&quot;badu\&quot;" time="0"/>
  <testcase classname="Skenario: Memasukan User Baru" name="Maka respon \&quot;user sukses dimasukan\&quot;" time="0"/>
  <testcase classname="Skenario: Memasukan User Baru" name="Skenario: Memasukan User Baru" time="0"/>
  <testcase classname="Skenario: Memasukan User Baru" name="Dengan Data user baru yang akan dimasukan tersedia dan tidak duplikat dengan data yang telah ada di sistem" time="0"/>
  <testcase classname="Skenario: Memasukan User Baru" name="Ketika Memasukan data user dengan nama \&quot;deni\&quot;" time="0"/>
  <testcase classname="Skenario: Memasukan User Baru" name="Maka respon gagal dengan pesan \&quot;duplicate\&quot;" time="0"/>
  <testcase classname="Skenario: Memasukan User Baru" name="Skenario: Memasukan User Baru" time="0.003"/>
</testsuite>