<?xml version="1.0" encoding="UTF-8" ?>
<testsuite tests="56" failures="0" name="com.mycompany.cucumber.test.Test" time="0.007" errors="0" skipped="0">
  <properties>
[...]
</properties>
  <testcase classname="Skenario: Mencari Data Member" name="Dengan Data member yang sudah tersedia di database" time="0.002"/>
  <testcase classname="Skenario: Mencari Data Member" name="Ketika Memasukan nama member &quot;hanif&quot;" time="0"/>
  <testcase classname="Skenario: Mencari Data Member" name="Maka respon dari sistem &quot;Data member ditemukan&quot;" time="0"/>
  <testcase classname="Skenario: Mencari Data Member" name="Skenario: Mencari Data Member" time="0"/>
  <testcase classname="Skenario: Mencari Data Member" name="Dengan Data member yang sudah tersedia di database" time="0"/>
  <testcase classname="Skenario: Mencari Data Member" name="Ketika Memasukan nama member &quot;salafi&quot;" time="0"/>
  <testcase classname="Skenario: Mencari Data Member" name="Maka respon gagal dari sistem &quot;Data member tidak ditemukan&quot;" time="0"/>
  <testcase classname="Skenario: Mencari Data Member" name="Skenario: Mencari Data Member" time="0"/>
  <testcase classname="Skenario: Mencari Data Buku" name="Dengan Data buku yang sudah tersedia di database" time="0"/>
  <testcase classname="Skenario: Mencari Data Buku" name="Ketika Memasukan data buku dengan judul &quot;impal&quot;" time="0"/>
  <testcase classname="Skenario: Mencari Data Buku" name="Maka respon pencarian &quot;Data buku ditemukan&quot;" time="0"/>
  <testcase classname="Skenario: Mencari Data Buku" name="Skenario: Mencari Data Buku" time="0"/>
  <testcase classname="Skenario: Mencari Data Buku" name="Dengan Data buku yang sudah tersedia di database" time="0"/>
  <testcase classname="Skenario: Mencari Data Buku" name="Ketika Memasukan data buku dengan judul &quot;belajar impal&quot;" time="0"/>
  <testcase classname="Skenario: Mencari Data Buku" name="Maka respon gagal pencarian dengan pesan &quot;Data buku tidak ditemukan&quot;" time="0"/>
  <testcase classname="Skenario: Mencari Data Buku" name="Skenario: Mencari Data Buku" time="0"/>
  <testcase classname="Skenario: Menghapus Data Buku" name="Dengan Data buku yang akan dihapus tersedia di database" time="0"/>
  <testcase classname="Skenario: Menghapus Data Buku" name="Ketika Memasukkan data buku yang akan dihapus dengan judul &quot;impal&quot;" time="0"/>
  <testcase classname="Skenario: Menghapus Data Buku" name="Maka respon sukses hapus dengan pesan &quot;Buku Berhasil Dihapus&quot;" time="0"/>
  <testcase classname="Skenario: Menghapus Data Buku" name="Skenario: Menghapus Data Buku" time="0"/>
  <testcase classname="Skenario: Menghapus Data Buku" name="Dengan Data buku yang akan dihapus tersedia di database" time="0"/>
  <testcase classname="Skenario: Menghapus Data Buku" name="Ketika Memasukkan data buku yang akan dihapus dengan judul &quot;belajar impal&quot;" time="0"/>
  <testcase classname="Skenario: Menghapus Data Buku" name="Maka respon gagal hapus dengan pesan &quot;Buku Tidak Ditemukan&quot;" time="0"/>
  <testcase classname="Skenario: Menghapus Data Buku" name="Skenario: Menghapus Data Buku" time="0"/>
  <testcase classname="Skenario: Lihat Katalog" name="Dengan Data buku beserta katalognya yang sudah tersedia di database" time="0"/>
  <testcase classname="Skenario: Lihat Katalog" name="Ketika Memasukan Katalog buku &quot;Edukasi&quot;" time="0"/>
  <testcase classname="Skenario: Lihat Katalog" name="Maka respon yang akan ditampilkan &quot;Buku Ditemukan&quot;" time="0.001"/>
  <testcase classname="Skenario: Lihat Katalog" name="Skenario: Lihat Katalog" time="0.001"/>
  <testcase classname="Skenario: Lihat Katalog" name="Dengan Data buku beserta katalognya yang sudah tersedia di database" time="0"/>
  <testcase classname="Skenario: Lihat Katalog" name="Ketika Memasukan Katalog buku &quot;Eduk&quot;" time="0"/>
  <testcase classname="Skenario: Lihat Katalog" name="Maka respon gagal akan ditampilkan &quot;Buku Tidak Ditemukan&quot;" time="0"/>
  <testcase classname="Skenario: Lihat Katalog" name="Skenario: Lihat Katalog" time="0.001"/>
  <testcase classname="Skenario: Mengembalikan Data Buku" name="Dengan Data buku yang sudah tersedia di database dan sedang dalam masa peminjaman" time="0"/>
  <testcase classname="Skenario: Mengembalikan Data Buku" name="Ketika Memasukkan data buku yang dipinjam dengan judul &quot;impal&quot;" time="0"/>
  <testcase classname="Skenario: Mengembalikan Data Buku" name="Maka respon pengembalian &quot;Buku berhasil dikembalikan&quot;" time="0"/>
  <testcase classname="Skenario: Mengembalikan Data Buku" name="Skenario: Mengembalikan Data Buku" time="0"/>
  <testcase classname="Skenario: Mengembalikan Data Buku" name="Dengan Data buku yang sudah tersedia di database dan sedang dalam masa peminjaman" time="0"/>
  <testcase classname="Skenario: Mengembalikan Data Buku" name="Ketika Memasukkan data buku yang dipinjam dengan judul &quot;belajar impal&quot;" time="0"/>
  <testcase classname="Skenario: Mengembalikan Data Buku" name="Maka respon pengembalian gagal &quot;Buku gagal dikembalikan&quot;" time="0"/>
  <testcase classname="Skenario: Mengembalikan Data Buku" name="Skenario: Mengembalikan Data Buku" time="0"/>
  <testcase classname="Skenario: Mendaftarkan Member Baru" name="Dengan Data member baru yang akan dimasukan tersedia dan tidak duplikat dengan data yang telah ada di database" time="0"/>
  <testcase classname="Skenario: Mendaftarkan Member Baru" name="Ketika Memasukan data member dengan nama &quot;hanif&quot;" time="0"/>
  <testcase classname="Skenario: Mendaftarkan Member Baru" name="Maka respon &quot;user sukses dimasukan&quot;" time="0"/>
  <testcase classname="Skenario: Mendaftarkan Member Baru" name="Skenario: Mendaftarkan Member Baru" time="0"/>
  <testcase classname="Skenario: Mendaftarkan Member Baru" name="Dengan Data member baru yang akan dimasukan tersedia dan tidak duplikat dengan data yang telah ada di database" time="0"/>
  <testcase classname="Skenario: Mendaftarkan Member Baru" name="Ketika Memasukan data member dengan nama &quot;salafi&quot;" time="0"/>
  <testcase classname="Skenario: Mendaftarkan Member Baru" name="Maka respon gagal dengan pesan &quot;duplikat&quot;" time="0.001"/>
  <testcase classname="Skenario: Mendaftarkan Member Baru" name="Skenario: Mendaftarkan Member Baru" time="0.001"/>
  <testcase classname="Skenario: Menambah Data Buku" name="Dengan Data buku yang akan dimasukkan tersedia dan tidak duplikat dengan data yang telah ada di database" time="0"/>
  <testcase classname="Skenario: Menambah Data Buku" name="Ketika Memasukkan data buku yang akan ditambahkan dengan judul &quot;impal&quot;" time="0"/>
  <testcase classname="Skenario: Menambah Data Buku" name="Maka respon berhasil dengan pesan &quot;Buku berhasil dimasukkan&quot;" time="0"/>
  <testcase classname="Skenario: Menambah Data Buku" name="Skenario: Menambah Data Buku" time="0"/>
  <testcase classname="Skenario: Menambah Data Buku" name="Dengan Data buku yang akan dimasukkan tersedia dan tidak duplikat dengan data yang telah ada di database" time="0"/>
  <testcase classname="Skenario: Menambah Data Buku" name="Ketika Memasukkan data buku yang akan ditambahkan dengan judul &quot;belajar impal&quot;" time="0"/>
  <testcase classname="Skenario: Menambah Data Buku" name="Maka respon gagal tambah dengan pesan &quot;Buku gagal dimasukkan&quot;" time="0"/>
  <testcase classname="Skenario: Menambah Data Buku" name="Skenario: Menambah Data Buku" time="0"/>
</testsuite>